2025-12-10 18:57:50 [main] INFO  c.t.i.InsuranceServiceApplication - Starting InsuranceServiceApplication using Java 21.0.8 with PID 1564 (/Users/akshayjadhav/Desktop/togglecover-github/core-services/insurance-service/target/classes started by akshayjadhav in /Users/akshayjadhav/Desktop/togglecover-github)
2025-12-10 18:57:50 [main] DEBUG c.t.i.InsuranceServiceApplication - Running with Spring Boot v3.2.5, Spring v6.1.6
2025-12-10 18:57:50 [main] INFO  c.t.i.InsuranceServiceApplication - No active profile set, falling back to 1 default profile: "default"
2025-12-10 18:57:51 [main] INFO  o.s.d.r.c.RepositoryConfigurationDelegate - Bootstrapping Spring Data JPA repositories in DEFAULT mode.
2025-12-10 18:57:51 [main] INFO  o.s.d.r.c.RepositoryConfigurationDelegate - Finished Spring Data repository scanning in 47 ms. Found 3 JPA repository interfaces.
2025-12-10 18:57:51 [main] INFO  o.s.cloud.context.scope.GenericScope - BeanFactory id=6af158d3-6724-383d-b7d3-06ff796f0fa4
2025-12-10 18:57:51 [main] WARN  o.s.c.s.PostProcessorRegistrationDelegate$BeanPostProcessorChecker - Bean 'org.springframework.cloud.client.loadbalancer.LoadBalancerAutoConfiguration$DeferringLoadBalancerInterceptorConfig' of type [org.springframework.cloud.client.loadbalancer.LoadBalancerAutoConfiguration$DeferringLoadBalancerInterceptorConfig] is not eligible for getting processed by all BeanPostProcessors (for example: not eligible for auto-proxying). The currently created BeanPostProcessor [lbRestClientPostProcessor] is declared through a non-static factory method on that class; consider declaring it as static instead.
2025-12-10 18:57:51 [main] WARN  o.s.c.s.PostProcessorRegistrationDelegate$BeanPostProcessorChecker - Bean 'deferringLoadBalancerInterceptor' of type [org.springframework.cloud.client.loadbalancer.DeferringLoadBalancerInterceptor] is not eligible for getting processed by all BeanPostProcessors (for example: not eligible for auto-proxying). Is this bean getting eagerly injected into a currently created BeanPostProcessor [lbRestClientPostProcessor]? Check the corresponding BeanPostProcessor declaration and its dependencies.
2025-12-10 18:57:51 [main] INFO  o.s.b.w.e.tomcat.TomcatWebServer - Tomcat initialized with port 8082 (http)
2025-12-10 18:57:51 [main] INFO  o.a.catalina.core.StandardService - Starting service [Tomcat]
2025-12-10 18:57:51 [main] INFO  o.a.catalina.core.StandardEngine - Starting Servlet engine: [Apache Tomcat/10.1.20]
2025-12-10 18:57:51 [main] INFO  o.a.c.c.C.[.[localhost].[/insurance] - Initializing Spring embedded WebApplicationContext
2025-12-10 18:57:51 [main] INFO  o.s.b.w.s.c.ServletWebServerApplicationContext - Root WebApplicationContext: initialization completed in 593 ms
2025-12-10 18:57:51 [main] INFO  com.zaxxer.hikari.HikariDataSource - HikariPool-1 - Starting...
2025-12-10 18:57:51 [main] INFO  com.zaxxer.hikari.pool.HikariPool - HikariPool-1 - Added connection conn0: url=jdbc:h2:mem:insurance_db user=SA
2025-12-10 18:57:51 [main] INFO  com.zaxxer.hikari.HikariDataSource - HikariPool-1 - Start completed.
2025-12-10 18:57:51 [main] INFO  o.s.b.a.h.H2ConsoleAutoConfiguration - H2 console available at '/h2-console'. Database available at 'jdbc:h2:mem:insurance_db'
2025-12-10 18:57:51 [main] WARN  o.s.b.w.s.c.AnnotationConfigServletWebServerApplicationContext - Exception encountered during context initialization - cancelling refresh attempt: org.springframework.beans.factory.BeanCreationException: Error creating bean with name 'dataSourceScriptDatabaseInitializer' defined in class path resource [org/springframework/boot/autoconfigure/sql/init/DataSourceInitializationConfiguration.class]: No schema scripts found at location 'classpath:schema.sql'
2025-12-10 18:57:51 [main] INFO  com.zaxxer.hikari.HikariDataSource - HikariPool-1 - Shutdown initiated...
2025-12-10 18:57:51 [main] INFO  com.zaxxer.hikari.HikariDataSource - HikariPool-1 - Shutdown completed.
2025-12-10 18:57:51 [main] INFO  o.a.catalina.core.StandardService - Stopping service [Tomcat]
2025-12-10 18:57:51 [main] INFO  o.s.b.a.l.ConditionEvaluationReportLogger - 

Error starting ApplicationContext. To display the condition evaluation report re-run your application with 'debug' enabled.
2025-12-10 18:57:51 [main] ERROR o.s.boot.SpringApplication - Application run failed
org.springframework.beans.factory.BeanCreationException: Error creating bean with name 'dataSourceScriptDatabaseInitializer' defined in class path resource [org/springframework/boot/autoconfigure/sql/init/DataSourceInitializationConfiguration.class]: No schema scripts found at location 'classpath:schema.sql'
	at org.springframework.beans.factory.support.AbstractAutowireCapableBeanFactory.initializeBean(AbstractAutowireCapableBeanFactory.java:1786)
	at org.springframework.beans.factory.support.AbstractAutowireCapableBeanFactory.doCreateBean(AbstractAutowireCapableBeanFactory.java:600)
	at org.springframework.beans.factory.support.AbstractAutowireCapableBeanFactory.createBean(AbstractAutowireCapableBeanFactory.java:522)
	at org.springframework.beans.factory.support.AbstractBeanFactory.lambda$doGetBean$0(AbstractBeanFactory.java:326)
	at org.springframework.beans.factory.support.DefaultSingletonBeanRegistry.getSingleton(DefaultSingletonBeanRegistry.java:234)
	at org.springframework.beans.factory.support.AbstractBeanFactory.doGetBean(AbstractBeanFactory.java:324)
	at org.springframework.beans.factory.support.AbstractBeanFactory.getBean(AbstractBeanFactory.java:200)
	at org.springframework.beans.factory.support.AbstractBeanFactory.doGetBean(AbstractBeanFactory.java:313)
	at org.springframework.beans.factory.support.AbstractBeanFactory.getBean(AbstractBeanFactory.java:200)
	at org.springframework.context.support.AbstractApplicationContext.getBean(AbstractApplicationContext.java:1234)
	at org.springframework.context.support.AbstractApplicationContext.finishBeanFactoryInitialization(AbstractApplicationContext.java:952)
	at org.springframework.context.support.AbstractApplicationContext.refresh(AbstractApplicationContext.java:624)
	at org.springframework.boot.web.servlet.context.ServletWebServerApplicationContext.refresh(ServletWebServerApplicationContext.java:146)
	at org.springframework.boot.SpringApplication.refresh(SpringApplication.java:754)
	at org.springframework.boot.SpringApplication.refreshContext(SpringApplication.java:456)
	at org.springframework.boot.SpringApplication.run(SpringApplication.java:334)
	at org.springframework.boot.SpringApplication.run(SpringApplication.java:1354)
	at org.springframework.boot.SpringApplication.run(SpringApplication.java:1343)
	at com.togglecover.insurance.InsuranceServiceApplication.main(InsuranceServiceApplication.java:13)
Caused by: java.lang.IllegalStateException: No schema scripts found at location 'classpath:schema.sql'
	at org.springframework.boot.sql.init.AbstractScriptDatabaseInitializer.getScripts(AbstractScriptDatabaseInitializer.java:129)
	at org.springframework.boot.sql.init.AbstractScriptDatabaseInitializer.applyScripts(AbstractScriptDatabaseInitializer.java:106)
	at org.springframework.boot.sql.init.AbstractScriptDatabaseInitializer.applySchemaScripts(AbstractScriptDatabaseInitializer.java:98)
	at org.springframework.boot.sql.init.AbstractScriptDatabaseInitializer.initializeDatabase(AbstractScriptDatabaseInitializer.java:76)
	at org.springframework.boot.sql.init.AbstractScriptDatabaseInitializer.afterPropertiesSet(AbstractScriptDatabaseInitializer.java:66)
	at org.springframework.beans.factory.support.AbstractAutowireCapableBeanFactory.invokeInitMethods(AbstractAutowireCapableBeanFactory.java:1833)
	at org.springframework.beans.factory.support.AbstractAutowireCapableBeanFactory.initializeBean(AbstractAutowireCapableBeanFactory.java:1782)
	... 18 common frames omitted
2025-12-10 18:58:19 [main] INFO  c.t.i.InsuranceServiceApplication - Starting InsuranceServiceApplication using Java 21.0.8 with PID 1680 (/Users/akshayjadhav/Desktop/togglecover-github/core-services/insurance-service/target/classes started by akshayjadhav in /Users/akshayjadhav/Desktop/togglecover-github)
2025-12-10 18:58:19 [main] DEBUG c.t.i.InsuranceServiceApplication - Running with Spring Boot v3.2.5, Spring v6.1.6
2025-12-10 18:58:19 [main] INFO  c.t.i.InsuranceServiceApplication - No active profile set, falling back to 1 default profile: "default"
2025-12-10 18:58:20 [main] INFO  o.s.d.r.c.RepositoryConfigurationDelegate - Bootstrapping Spring Data JPA repositories in DEFAULT mode.
2025-12-10 18:58:20 [main] INFO  o.s.d.r.c.RepositoryConfigurationDelegate - Finished Spring Data repository scanning in 40 ms. Found 3 JPA repository interfaces.
2025-12-10 18:58:20 [main] INFO  o.s.cloud.context.scope.GenericScope - BeanFactory id=a6d43ab6-d9c2-365c-8abe-02c5f7675a94
2025-12-10 18:58:20 [main] WARN  o.s.c.s.PostProcessorRegistrationDelegate$BeanPostProcessorChecker - Bean 'org.springframework.cloud.client.loadbalancer.LoadBalancerAutoConfiguration$DeferringLoadBalancerInterceptorConfig' of type [org.springframework.cloud.client.loadbalancer.LoadBalancerAutoConfiguration$DeferringLoadBalancerInterceptorConfig] is not eligible for getting processed by all BeanPostProcessors (for example: not eligible for auto-proxying). The currently created BeanPostProcessor [lbRestClientPostProcessor] is declared through a non-static factory method on that class; consider declaring it as static instead.
2025-12-10 18:58:20 [main] WARN  o.s.c.s.PostProcessorRegistrationDelegate$BeanPostProcessorChecker - Bean 'deferringLoadBalancerInterceptor' of type [org.springframework.cloud.client.loadbalancer.DeferringLoadBalancerInterceptor] is not eligible for getting processed by all BeanPostProcessors (for example: not eligible for auto-proxying). Is this bean getting eagerly injected into a currently created BeanPostProcessor [lbRestClientPostProcessor]? Check the corresponding BeanPostProcessor declaration and its dependencies.
2025-12-10 18:58:20 [main] INFO  o.s.b.w.e.tomcat.TomcatWebServer - Tomcat initialized with port 8082 (http)
2025-12-10 18:58:20 [main] INFO  o.a.catalina.core.StandardService - Starting service [Tomcat]
2025-12-10 18:58:20 [main] INFO  o.a.catalina.core.StandardEngine - Starting Servlet engine: [Apache Tomcat/10.1.20]
2025-12-10 18:58:20 [main] INFO  o.a.c.c.C.[.[localhost].[/insurance] - Initializing Spring embedded WebApplicationContext
2025-12-10 18:58:20 [main] INFO  o.s.b.w.s.c.ServletWebServerApplicationContext - Root WebApplicationContext: initialization completed in 572 ms
2025-12-10 18:58:20 [main] INFO  com.zaxxer.hikari.HikariDataSource - HikariPool-1 - Starting...
2025-12-10 18:58:20 [main] INFO  com.zaxxer.hikari.pool.HikariPool - HikariPool-1 - Added connection conn0: url=jdbc:h2:mem:insurance_db user=SA
2025-12-10 18:58:20 [main] INFO  com.zaxxer.hikari.HikariDataSource - HikariPool-1 - Start completed.
2025-12-10 18:58:20 [main] INFO  o.s.b.a.h.H2ConsoleAutoConfiguration - H2 console available at '/h2-console'. Database available at 'jdbc:h2:mem:insurance_db'
2025-12-10 18:58:20 [main] INFO  o.h.jpa.internal.util.LogHelper - HHH000204: Processing PersistenceUnitInfo [name: default]
2025-12-10 18:58:20 [main] INFO  org.hibernate.Version - HHH000412: Hibernate ORM core version 6.4.4.Final
2025-12-10 18:58:20 [main] INFO  o.h.c.i.RegionFactoryInitiator - HHH000026: Second-level cache disabled
2025-12-10 18:58:20 [main] INFO  o.s.o.j.p.SpringPersistenceUnitInfo - No LoadTimeWeaver setup: ignoring JPA class transformer
2025-12-10 18:58:20 [main] WARN  org.hibernate.orm.deprecation - HHH90000025: H2Dialect does not need to be specified explicitly using 'hibernate.dialect' (remove the property setting and it will be selected by default)
2025-12-10 18:58:20 [main] INFO  o.h.e.t.j.p.i.JtaPlatformInitiator - HHH000489: No JTA platform available (set 'hibernate.transaction.jta.platform' to enable JTA platform integration)
2025-12-10 18:58:21 [main] DEBUG org.hibernate.SQL - 
    create table coverage_records (
        id bigint generated by default as identity,
        coverage_amount numeric(15,2),
        coverage_date date not null,
        created_at timestamp(6),
        end_time timestamp(6),
        gig_platform varchar(50),
        is_active boolean,
        location varchar(255),
        premium_amount numeric(10,2),
        start_time timestamp(6),
        status varchar(20),
        updated_at timestamp(6),
        weather_risk_multiplier numeric(5,2),
        policy_id bigint not null,
        primary key (id)
    )
2025-12-10 18:58:21 [main] DEBUG org.hibernate.SQL - 
    create table insurance_plans (
        id bigint generated by default as identity,
        coverage_amount numeric(15,2) not null,
        coverage_type varchar(255) not null,
        created_at timestamp(6),
        daily_premium numeric(10,2) not null,
        description varchar(255),
        is_active boolean,
        max_age integer,
        min_age integer,
        plan_code varchar(255) not null,
        plan_name varchar(255) not null,
        updated_at timestamp(6),
        waiting_period_days integer,
        primary key (id)
    )
2025-12-10 18:58:21 [main] DEBUG org.hibernate.SQL - 
    create table policies (
        id bigint generated by default as identity,
        auto_renew boolean,
        created_at timestamp(6),
        end_date date,
        policy_number varchar(255) not null,
        start_date date not null,
        status varchar(20),
        total_claims integer,
        total_claims_amount numeric(15,2),
        total_premium_paid numeric(15,2),
        updated_at timestamp(6),
        user_id bigint not null,
        wallet_balance numeric(15,2),
        plan_id bigint not null,
        primary key (id)
    )
2025-12-10 18:58:21 [main] DEBUG org.hibernate.SQL - 
    alter table if exists coverage_records 
       drop constraint if exists UK3nef2yhhfyawy1mbopiqmnck5
2025-12-10 18:58:21 [main] DEBUG org.hibernate.SQL - 
    alter table if exists coverage_records 
       add constraint UK3nef2yhhfyawy1mbopiqmnck5 unique (policy_id, coverage_date)
2025-12-10 18:58:21 [main] DEBUG org.hibernate.SQL - 
    alter table if exists insurance_plans 
       drop constraint if exists UK_198cap3qdm6wfar5o4p1b1we4
2025-12-10 18:58:21 [main] DEBUG org.hibernate.SQL - 
    alter table if exists insurance_plans 
       add constraint UK_198cap3qdm6wfar5o4p1b1we4 unique (plan_code)
2025-12-10 18:58:21 [main] DEBUG org.hibernate.SQL - 
    alter table if exists policies 
       drop constraint if exists UK_oa74bk3bbln2o1hgik4b93rp9
2025-12-10 18:58:21 [main] DEBUG org.hibernate.SQL - 
    alter table if exists policies 
       add constraint UK_oa74bk3bbln2o1hgik4b93rp9 unique (policy_number)
2025-12-10 18:58:21 [main] DEBUG org.hibernate.SQL - 
    alter table if exists coverage_records 
       add constraint FKo9b7312xgidcf6yvef1vlrk2w 
       foreign key (policy_id) 
       references policies
2025-12-10 18:58:21 [main] DEBUG org.hibernate.SQL - 
    alter table if exists policies 
       add constraint FK7btrh5n6d730p3hfjkwd9r9qb 
       foreign key (plan_id) 
       references insurance_plans
2025-12-10 18:58:21 [main] INFO  o.s.o.j.LocalContainerEntityManagerFactoryBean - Initialized JPA EntityManagerFactory for persistence unit 'default'
2025-12-10 18:58:21 [main] WARN  o.s.b.w.s.c.AnnotationConfigServletWebServerApplicationContext - Exception encountered during context initialization - cancelling refresh attempt: org.springframework.beans.factory.UnsatisfiedDependencyException: Error creating bean with name 'securityConfig' defined in file [/Users/akshayjadhav/Desktop/togglecover-github/core-services/insurance-service/target/classes/com/togglecover/insurance/config/SecurityConfig.class]: Unsatisfied dependency expressed through constructor parameter 0: No qualifying bean of type 'com.togglecover.common.security.JwtAuthenticationFilter' available: expected at least 1 bean which qualifies as autowire candidate. Dependency annotations: {}
2025-12-10 18:58:21 [main] INFO  o.s.o.j.LocalContainerEntityManagerFactoryBean - Closing JPA EntityManagerFactory for persistence unit 'default'
2025-12-10 18:58:21 [main] INFO  com.zaxxer.hikari.HikariDataSource - HikariPool-1 - Shutdown initiated...
2025-12-10 18:58:21 [main] INFO  com.zaxxer.hikari.HikariDataSource - HikariPool-1 - Shutdown completed.
2025-12-10 18:58:21 [main] INFO  o.a.catalina.core.StandardService - Stopping service [Tomcat]
2025-12-10 18:58:21 [main] INFO  o.s.b.a.l.ConditionEvaluationReportLogger - 

Error starting ApplicationContext. To display the condition evaluation report re-run your application with 'debug' enabled.
2025-12-10 18:58:21 [main] ERROR o.s.b.d.LoggingFailureAnalysisReporter - 

***************************
APPLICATION FAILED TO START
***************************

Description:

Parameter 0 of constructor in com.togglecover.insurance.config.SecurityConfig required a bean of type 'com.togglecover.common.security.JwtAuthenticationFilter' that could not be found.


Action:

Consider defining a bean of type 'com.togglecover.common.security.JwtAuthenticationFilter' in your configuration.

2025-12-10 19:00:12 [main] INFO  c.t.i.InsuranceServiceApplication - Starting InsuranceServiceApplication using Java 21.0.8 with PID 2051 (/Users/akshayjadhav/Desktop/togglecover-github/core-services/insurance-service/target/classes started by akshayjadhav in /Users/akshayjadhav/Desktop/togglecover-github)
2025-12-10 19:00:12 [main] DEBUG c.t.i.InsuranceServiceApplication - Running with Spring Boot v3.2.5, Spring v6.1.6
2025-12-10 19:00:12 [main] INFO  c.t.i.InsuranceServiceApplication - No active profile set, falling back to 1 default profile: "default"
2025-12-10 19:00:12 [main] INFO  o.s.d.r.c.RepositoryConfigurationDelegate - Bootstrapping Spring Data JPA repositories in DEFAULT mode.
2025-12-10 19:00:12 [main] INFO  o.s.d.r.c.RepositoryConfigurationDelegate - Finished Spring Data repository scanning in 47 ms. Found 3 JPA repository interfaces.
2025-12-10 19:00:12 [main] INFO  o.s.cloud.context.scope.GenericScope - BeanFactory id=a6d43ab6-d9c2-365c-8abe-02c5f7675a94
2025-12-10 19:00:12 [main] WARN  o.s.c.s.PostProcessorRegistrationDelegate$BeanPostProcessorChecker - Bean 'org.springframework.cloud.client.loadbalancer.LoadBalancerAutoConfiguration$DeferringLoadBalancerInterceptorConfig' of type [org.springframework.cloud.client.loadbalancer.LoadBalancerAutoConfiguration$DeferringLoadBalancerInterceptorConfig] is not eligible for getting processed by all BeanPostProcessors (for example: not eligible for auto-proxying). The currently created BeanPostProcessor [lbRestClientPostProcessor] is declared through a non-static factory method on that class; consider declaring it as static instead.
2025-12-10 19:00:12 [main] WARN  o.s.c.s.PostProcessorRegistrationDelegate$BeanPostProcessorChecker - Bean 'deferringLoadBalancerInterceptor' of type [org.springframework.cloud.client.loadbalancer.DeferringLoadBalancerInterceptor] is not eligible for getting processed by all BeanPostProcessors (for example: not eligible for auto-proxying). Is this bean getting eagerly injected into a currently created BeanPostProcessor [lbRestClientPostProcessor]? Check the corresponding BeanPostProcessor declaration and its dependencies.
2025-12-10 19:00:12 [main] INFO  o.s.b.w.e.tomcat.TomcatWebServer - Tomcat initialized with port 8082 (http)
2025-12-10 19:00:12 [main] INFO  o.a.catalina.core.StandardService - Starting service [Tomcat]
2025-12-10 19:00:12 [main] INFO  o.a.catalina.core.StandardEngine - Starting Servlet engine: [Apache Tomcat/10.1.20]
2025-12-10 19:00:12 [main] INFO  o.a.c.c.C.[.[localhost].[/insurance] - Initializing Spring embedded WebApplicationContext
2025-12-10 19:00:12 [main] INFO  o.s.b.w.s.c.ServletWebServerApplicationContext - Root WebApplicationContext: initialization completed in 574 ms
2025-12-10 19:00:12 [main] INFO  com.zaxxer.hikari.HikariDataSource - HikariPool-1 - Starting...
2025-12-10 19:00:13 [main] INFO  com.zaxxer.hikari.pool.HikariPool - HikariPool-1 - Added connection conn0: url=jdbc:h2:mem:insurance_db user=SA
2025-12-10 19:00:13 [main] INFO  com.zaxxer.hikari.HikariDataSource - HikariPool-1 - Start completed.
2025-12-10 19:00:13 [main] INFO  o.s.b.a.h.H2ConsoleAutoConfiguration - H2 console available at '/h2-console'. Database available at 'jdbc:h2:mem:insurance_db'
2025-12-10 19:00:13 [main] INFO  o.h.jpa.internal.util.LogHelper - HHH000204: Processing PersistenceUnitInfo [name: default]
2025-12-10 19:00:13 [main] INFO  org.hibernate.Version - HHH000412: Hibernate ORM core version 6.4.4.Final
2025-12-10 19:00:13 [main] INFO  o.h.c.i.RegionFactoryInitiator - HHH000026: Second-level cache disabled
2025-12-10 19:00:13 [main] INFO  o.s.o.j.p.SpringPersistenceUnitInfo - No LoadTimeWeaver setup: ignoring JPA class transformer
2025-12-10 19:00:13 [main] WARN  org.hibernate.orm.deprecation - HHH90000025: H2Dialect does not need to be specified explicitly using 'hibernate.dialect' (remove the property setting and it will be selected by default)
2025-12-10 19:00:13 [main] INFO  o.h.e.t.j.p.i.JtaPlatformInitiator - HHH000489: No JTA platform available (set 'hibernate.transaction.jta.platform' to enable JTA platform integration)
2025-12-10 19:00:13 [main] DEBUG org.hibernate.SQL - 
    create table coverage_records (
        id bigint generated by default as identity,
        coverage_amount numeric(15,2),
        coverage_date date not null,
        created_at timestamp(6),
        end_time timestamp(6),
        gig_platform varchar(50),
        is_active boolean,
        location varchar(255),
        premium_amount numeric(10,2),
        start_time timestamp(6),
        status varchar(20),
        updated_at timestamp(6),
        weather_risk_multiplier numeric(5,2),
        policy_id bigint not null,
        primary key (id)
    )
2025-12-10 19:00:13 [main] DEBUG org.hibernate.SQL - 
    create table insurance_plans (
        id bigint generated by default as identity,
        coverage_amount numeric(15,2) not null,
        coverage_type varchar(255) not null,
        created_at timestamp(6),
        daily_premium numeric(10,2) not null,
        description varchar(255),
        is_active boolean,
        max_age integer,
        min_age integer,
        plan_code varchar(255) not null,
        plan_name varchar(255) not null,
        updated_at timestamp(6),
        waiting_period_days integer,
        primary key (id)
    )
2025-12-10 19:00:13 [main] DEBUG org.hibernate.SQL - 
    create table policies (
        id bigint generated by default as identity,
        auto_renew boolean,
        created_at timestamp(6),
        end_date date,
        policy_number varchar(255) not null,
        start_date date not null,
        status varchar(20),
        total_claims integer,
        total_claims_amount numeric(15,2),
        total_premium_paid numeric(15,2),
        updated_at timestamp(6),
        user_id bigint not null,
        wallet_balance numeric(15,2),
        plan_id bigint not null,
        primary key (id)
    )
2025-12-10 19:00:13 [main] DEBUG org.hibernate.SQL - 
    alter table if exists coverage_records 
       drop constraint if exists UK3nef2yhhfyawy1mbopiqmnck5
2025-12-10 19:00:13 [main] DEBUG org.hibernate.SQL - 
    alter table if exists coverage_records 
       add constraint UK3nef2yhhfyawy1mbopiqmnck5 unique (policy_id, coverage_date)
2025-12-10 19:00:13 [main] DEBUG org.hibernate.SQL - 
    alter table if exists insurance_plans 
       drop constraint if exists UK_198cap3qdm6wfar5o4p1b1we4
2025-12-10 19:00:13 [main] DEBUG org.hibernate.SQL - 
    alter table if exists insurance_plans 
       add constraint UK_198cap3qdm6wfar5o4p1b1we4 unique (plan_code)
2025-12-10 19:00:13 [main] DEBUG org.hibernate.SQL - 
    alter table if exists policies 
       drop constraint if exists UK_oa74bk3bbln2o1hgik4b93rp9
2025-12-10 19:00:13 [main] DEBUG org.hibernate.SQL - 
    alter table if exists policies 
       add constraint UK_oa74bk3bbln2o1hgik4b93rp9 unique (policy_number)
2025-12-10 19:00:13 [main] DEBUG org.hibernate.SQL - 
    alter table if exists coverage_records 
       add constraint FKo9b7312xgidcf6yvef1vlrk2w 
       foreign key (policy_id) 
       references policies
2025-12-10 19:00:13 [main] DEBUG org.hibernate.SQL - 
    alter table if exists policies 
       add constraint FK7btrh5n6d730p3hfjkwd9r9qb 
       foreign key (plan_id) 
       references insurance_plans
2025-12-10 19:00:13 [main] INFO  o.s.o.j.LocalContainerEntityManagerFactoryBean - Initialized JPA EntityManagerFactory for persistence unit 'default'
2025-12-10 19:00:13 [main] INFO  o.s.d.j.r.query.QueryEnhancerFactory - Hibernate is in classpath; If applicable, HQL parser will be used.
2025-12-10 19:00:13 [main] WARN  o.s.b.a.o.j.JpaBaseConfiguration$JpaWebConfiguration - spring.jpa.open-in-view is enabled by default. Therefore, database queries may be performed during view rendering. Explicitly configure spring.jpa.open-in-view to disable this warning
2025-12-10 19:00:13 [main] WARN  o.s.b.a.s.s.UserDetailsServiceAutoConfiguration - 

Using generated security password: 50dd2e7e-6f29-4997-85fc-433510070030

This generated password is for development use only. Your security configuration must be updated before running your application in production.

2025-12-10 19:00:14 [main] INFO  o.s.s.web.DefaultSecurityFilterChain - Will secure any request with [org.springframework.security.web.session.DisableEncodeUrlFilter@2e4c4373, org.springframework.security.web.context.request.async.WebAsyncManagerIntegrationFilter@33dc36d5, org.springframework.security.web.context.SecurityContextHolderFilter@8921749, org.springframework.security.web.header.HeaderWriterFilter@4667fd40, org.springframework.web.filter.CorsFilter@3afca969, org.springframework.security.web.authentication.logout.LogoutFilter@1353f515, org.springframework.security.web.savedrequest.RequestCacheAwareFilter@1b5496fd, org.springframework.security.web.servletapi.SecurityContextHolderAwareRequestFilter@73174f4f, org.springframework.security.web.authentication.AnonymousAuthenticationFilter@3c744de9, org.springframework.security.web.session.SessionManagementFilter@8cad98b, org.springframework.security.web.access.ExceptionTranslationFilter@5163bb14, org.springframework.security.web.access.intercept.AuthorizationFilter@1261fd82]
2025-12-10 19:00:14 [main] INFO  o.s.c.n.e.c.DiscoveryClientOptionalArgsConfiguration - Eureka HTTP Client uses RestTemplate.
2025-12-10 19:00:14 [main] WARN  o.s.c.l.c.LoadBalancerCacheAutoConfiguration$LoadBalancerCaffeineWarnLogger - Spring Cloud LoadBalancer is currently working with the default cache. While this cache implementation is useful for development and tests, it's recommended to use Caffeine cache in production.You can switch to using Caffeine cache, by adding it and org.springframework.cache.caffeine.CaffeineCacheManager to the classpath.
2025-12-10 19:00:14 [main] INFO  o.s.c.n.eureka.InstanceInfoFactory - Setting initial instance status as: STARTING
2025-12-10 19:00:14 [main] INFO  c.netflix.discovery.DiscoveryClient - Initializing Eureka in region us-east-1
2025-12-10 19:00:14 [main] INFO  c.n.d.s.r.aws.ConfigClusterResolver - Resolving eureka endpoints via configuration
2025-12-10 19:00:14 [main] INFO  c.netflix.discovery.DiscoveryClient - Disable delta property : false
2025-12-10 19:00:14 [main] INFO  c.netflix.discovery.DiscoveryClient - Single vip registry refresh property : null
2025-12-10 19:00:14 [main] INFO  c.netflix.discovery.DiscoveryClient - Force full registry fetch : false
2025-12-10 19:00:14 [main] INFO  c.netflix.discovery.DiscoveryClient - Application is null : false
2025-12-10 19:00:14 [main] INFO  c.netflix.discovery.DiscoveryClient - Registered Applications size is zero : true
2025-12-10 19:00:14 [main] INFO  c.netflix.discovery.DiscoveryClient - Application version is -1: true
2025-12-10 19:00:14 [main] INFO  c.netflix.discovery.DiscoveryClient - Getting all instance registry info from the eureka server
2025-12-10 19:00:14 [main] INFO  c.netflix.discovery.DiscoveryClient - The response status is 200
2025-12-10 19:00:14 [main] INFO  c.netflix.discovery.DiscoveryClient - Starting heartbeat executor: renew interval is: 30
2025-12-10 19:00:14 [main] INFO  c.n.discovery.InstanceInfoReplicator - InstanceInfoReplicator onDemand update allowed rate per min is 4
2025-12-10 19:00:14 [main] INFO  c.netflix.discovery.DiscoveryClient - Discovery Client initialized at timestamp 1765373414348 with initial instances count: 3
2025-12-10 19:00:14 [main] INFO  o.s.c.n.e.s.EurekaServiceRegistry - Registering application INSURANCE-SERVICE with eureka with status UP
2025-12-10 19:00:14 [main] INFO  c.netflix.discovery.DiscoveryClient - Saw local status change event StatusChangeEvent [timestamp=1765373414350, current=UP, previous=STARTING]
2025-12-10 19:00:14 [DiscoveryClient-InstanceInfoReplicator-0] INFO  c.netflix.discovery.DiscoveryClient - DiscoveryClient_INSURANCE-SERVICE/INSURANCE-SERVICE:8082: registering service...
2025-12-10 19:00:14 [main] INFO  o.s.b.w.e.tomcat.TomcatWebServer - Tomcat started on port 8082 (http) with context path '/insurance'
2025-12-10 19:00:14 [main] INFO  o.s.c.n.e.s.EurekaAutoServiceRegistration - Updating port to 8082
2025-12-10 19:00:14 [DiscoveryClient-InstanceInfoReplicator-0] INFO  c.netflix.discovery.DiscoveryClient - DiscoveryClient_INSURANCE-SERVICE/INSURANCE-SERVICE:8082 - registration status: 204
2025-12-10 19:00:14 [main] INFO  c.t.i.InsuranceServiceApplication - Started InsuranceServiceApplication in 2.2 seconds (process running for 2.346)
2025-12-10 19:05:14 [AsyncResolver-bootstrap-executor-0] INFO  c.n.d.s.r.aws.ConfigClusterResolver - Resolving eureka endpoints via configuration
2025-12-10 19:10:14 [AsyncResolver-bootstrap-executor-0] INFO  c.n.d.s.r.aws.ConfigClusterResolver - Resolving eureka endpoints via configuration
2025-12-10 19:15:14 [AsyncResolver-bootstrap-executor-0] INFO  c.n.d.s.r.aws.ConfigClusterResolver - Resolving eureka endpoints via configuration
2025-12-10 19:20:14 [AsyncResolver-bootstrap-executor-0] INFO  c.n.d.s.r.aws.ConfigClusterResolver - Resolving eureka endpoints via configuration
2025-12-10 19:25:14 [AsyncResolver-bootstrap-executor-0] INFO  c.n.d.s.r.aws.ConfigClusterResolver - Resolving eureka endpoints via configuration
2025-12-10 19:30:14 [AsyncResolver-bootstrap-executor-0] INFO  c.n.d.s.r.aws.ConfigClusterResolver - Resolving eureka endpoints via configuration
2025-12-10 19:35:14 [AsyncResolver-bootstrap-executor-0] INFO  c.n.d.s.r.aws.ConfigClusterResolver - Resolving eureka endpoints via configuration
2025-12-10 19:40:14 [AsyncResolver-bootstrap-executor-0] INFO  c.n.d.s.r.aws.ConfigClusterResolver - Resolving eureka endpoints via configuration
2025-12-10 19:45:14 [AsyncResolver-bootstrap-executor-0] INFO  c.n.d.s.r.aws.ConfigClusterResolver - Resolving eureka endpoints via configuration
2025-12-10 19:50:14 [AsyncResolver-bootstrap-executor-0] INFO  c.n.d.s.r.aws.ConfigClusterResolver - Resolving eureka endpoints via configuration
